<?xml version="1.0" encoding="UTF-8"?>
<!-- Generated by org.testng.reporters.JUnitXMLReporter -->
<testsuite ignored="0" hostname="MacBook-Pro-Pras.local" failures="1" tests="1" name="Test2" time="16.369" errors="0" timestamp="09 May 2019 09:56:08 GMT">
  <testcase classname="tc_addProduct.addProductImageUrl" name="scenario_satu" time="12.194">
    <failure type="java.lang.AssertionError" message="expected [http://account.femaledaily.net/] but found [http://femaledaily.net/]">
      <![CDATA[java.lang.AssertionError: expected [http://account.femaledaily.net/] but found [http://femaledaily.net/]
	at tc_addProduct.addProductImageUrl.scenario_satu(addProductImageUrl.java:104)
	at java.base/java.util.concurrent.FutureTask.run(FutureTask.java:264)
	at java.base/java.util.concurrent.ThreadPoolExecutor.runWorker(ThreadPoolExecutor.java:1128)
	at java.base/java.util.concurrent.ThreadPoolExecutor$Worker.run(ThreadPoolExecutor.java:628)
	at java.base/java.lang.Thread.run(Thread.java:834)
... Removed 22 stack frames]]>
    </failure>
  </testcase> <!-- scenario_satu -->
</testsuite> <!-- Test2 -->
